23:37:27 **** Rebuild of configuration Debug for project TP_[3] ****
Info: Internal Builder is used for build
gcc -O0 -g3 -Wall -c -fmessage-length=0 -o parser.o "..\\parser.c" 
gcc -O0 -g3 -Wall -c -fmessage-length=0 -o Menu.o "..\\Menu.c" 
gcc -O0 -g3 -Wall -c -fmessage-length=0 -o Controller.o "..\\Controller.c" 
gcc -O0 -g3 -Wall -c -fmessage-length=0 -o main.o "..\\main.c" 
gcc -O0 -g3 -Wall -c -fmessage-length=0 -o Validaciones.o "..\\Validaciones.c" 
gcc -O0 -g3 -Wall -c -fmessage-length=0 -o Passenger.o "..\\Passenger.c" 
gcc -O0 -g3 -Wall -c -fmessage-length=0 -o Passenger_ABM.o "..\\Passenger_ABM.c" 
gcc "-LC:\\Users\\JUNMI\\Desktop\\TPS_Laboratorio_1\\TP_[3]" -o TP_[3].exe Controller.o Menu.o Passenger.o Passenger_ABM.o Validaciones.o main.o parser.o -lLinkedList 
Info: Nothing to build for TP_[3]
Info: Nothing to build for TP_[3]
Info: Nothing to build for TP_[3]
Info: Nothing to build for TP_[3]
Info: Nothing to build for TP_[3]
23:46:50 **** Incremental Build of configuration Debug for project TP_[3] ****
Info: Internal Builder is used for build
gcc -O0 -g3 -Wall -c -fmessage-length=0 -o parser.o "..\\parser.c" 
gcc -O0 -g3 -Wall -c -fmessage-length=0 -o Controller.o "..\\Controller.c" 
gcc "-LC:\\Users\\JUNMI\\Desktop\\TPS_Laboratorio_1\\TP_[3]" -o TP_[3].exe Controller.o Menu.o Passenger.o Passenger_ABM.o Validaciones.o main.o parser.o -lLinkedList 
Info: Nothing to build for TP_[3]
Info: Nothing to build for TP_[3]
Info: Nothing to build for TP_[3]
Info: Nothing to build for TP_[3]
Info: Nothing to build for TP_[3]
Info: Nothing to build for TP_[3]
Info: Nothing to build for TP_[3]
Info: Nothing to build for TP_[3]
23:58:17 **** Incremental Build of configuration Debug for project TP_[3] ****
Info: Internal Builder is used for build
gcc -O0 -g3 -Wall -c -fmessage-length=0 -o main.o "..\\main.c" 
gcc "-LC:\\Users\\JUNMI\\Desktop\\TPS_Laboratorio_1\\TP_[3]" -o TP_[3].exe Controller.o Menu.o Passenger.o Passenger_ABM.o Validaciones.o main.o parser.o -lLinkedList 
00:00:39 **** Incremental Build of configuration Debug for project TP_[3] ****
Info: Internal Builder is used for build
gcc -O0 -g3 -Wall -c -fmessage-length=0 -o main.o "..\\main.c" 
gcc "-LC:\\Users\\JUNMI\\Desktop\\TPS_Laboratorio_1\\TP_[3]" -o TP_[3].exe Controller.o Menu.o Passenger.o Passenger_ABM.o Validaciones.o main.o parser.o -lLinkedList 
Info: Nothing to build for TP_[3]
Info: Nothing to build for TP_[3]
Info: Nothing to build for TP_[3]
Info: Nothing to build for TP_[3]
00:05:19 **** Incremental Build of configuration Debug for project TP_[3] ****
Info: Internal Builder is used for build
gcc -O0 -g3 -Wall -c -fmessage-length=0 -o parser.o "..\\parser.c" 
gcc "-LC:\\Users\\JUNMI\\Desktop\\TPS_Laboratorio_1\\TP_[3]" -o TP_[3].exe Controller.o Menu.o Passenger.o Passenger_ABM.o Validaciones.o main.o parser.o -lLinkedList 
00:06:01 **** Incremental Build of configuration Debug for project TP_[3] ****
Info: Internal Builder is used for build
gcc -O0 -g3 -Wall -c -fmessage-length=0 -o parser.o "..\\parser.c" 
gcc "-LC:\\Users\\JUNMI\\Desktop\\TPS_Laboratorio_1\\TP_[3]" -o TP_[3].exe Controller.o Menu.o Passenger.o Passenger_ABM.o Validaciones.o main.o parser.o -lLinkedList 
Info: Nothing to build for TP_[3]
Info: Nothing to build for TP_[3]
Info: Nothing to build for TP_[3]
Info: Nothing to build for TP_[3]
Info: Nothing to build for TP_[3]
Info: Nothing to build for TP_[3]
00:20:41 **** Incremental Build of configuration Debug for project TP_[3] ****
Info: Internal Builder is used for build
gcc -O0 -g3 -Wall -c -fmessage-length=0 -o main.o "..\\main.c" 
gcc -O0 -g3 -Wall -c -fmessage-length=0 -o parser.o "..\\parser.c" 
gcc "-LC:\\Users\\JUNMI\\Desktop\\TPS_Laboratorio_1\\TP_[3]" -o TP_[3].exe Controller.o Menu.o Passenger.o Passenger_ABM.o Validaciones.o main.o parser.o -lLinkedList 
00:21:03 **** Incremental Build of configuration Debug for project TP_[3] ****
Info: Internal Builder is used for build
gcc -O0 -g3 -Wall -c -fmessage-length=0 -o main.o "..\\main.c" 
gcc "-LC:\\Users\\JUNMI\\Desktop\\TPS_Laboratorio_1\\TP_[3]" -o TP_[3].exe Controller.o Menu.o Passenger.o Passenger_ABM.o Validaciones.o main.o parser.o -lLinkedList 
Info: Nothing to build for TP_[3]
Info: Nothing to build for TP_[3]
Info: Nothing to build for TP_[3]
Info: Nothing to build for TP_[3]
Info: Nothing to build for TP_[3]
Info: Nothing to build for TP_[3]
Info: Nothing to build for TP_[3]
Info: Nothing to build for TP_[3]
Info: Nothing to build for TP_[3]
Info: Nothing to build for TP_[3]
Info: Nothing to build for TP_[3]
Info: Nothing to build for TP_[3]
Info: Nothing to build for TP_[3]
Info: Nothing to build for TP_[3]
Info: Nothing to build for TP_[3]
00:28:49 **** Incremental Build of configuration Debug for project TP_[3] ****
Info: Internal Builder is used for build
gcc -O0 -g3 -Wall -c -fmessage-length=0 -o main.o "..\\main.c" 
gcc "-LC:\\Users\\JUNMI\\Desktop\\TPS_Laboratorio_1\\TP_[3]" -o TP_[3].exe Controller.o Menu.o Passenger.o Passenger_ABM.o Validaciones.o main.o parser.o -lLinkedList 
00:30:42 **** Incremental Build of configuration Debug for project TP_[3] ****
Info: Internal Builder is used for build
gcc -O0 -g3 -Wall -c -fmessage-length=0 -o main.o "..\\main.c" 
gcc "-LC:\\Users\\JUNMI\\Desktop\\TPS_Laboratorio_1\\TP_[3]" -o TP_[3].exe Controller.o Menu.o Passenger.o Passenger_ABM.o Validaciones.o main.o parser.o -lLinkedList 
Info: Nothing to build for TP_[3]
Info: Nothing to build for TP_[3]
Info: Nothing to build for TP_[3]
Info: Nothing to build for TP_[3]
21:32:23 **** Rebuild of configuration Debug for project TP_[3] ****
Info: Internal Builder is used for build
gcc -O0 -g3 -Wall -c -fmessage-length=0 -o Menu.o "..\\Menu.c" 
gcc -O0 -g3 -Wall -c -fmessage-length=0 -o Controller.o "..\\Controller.c" 
gcc -O0 -g3 -Wall -c -fmessage-length=0 -o Passenger.o "..\\Passenger.c" 
gcc -O0 -g3 -Wall -c -fmessage-length=0 -o main.o "..\\main.c" 
gcc -O0 -g3 -Wall -c -fmessage-length=0 -o Passenger_ABM.o "..\\Passenger_ABM.c" 
gcc -O0 -g3 -Wall -c -fmessage-length=0 -o Validaciones.o "..\\Validaciones.c" 
gcc -O0 -g3 -Wall -c -fmessage-length=0 -o parser.o "..\\parser.c" 
gcc "-LC:\\Users\\JUNMI\\Desktop\\TPS_Laboratorio_1\\TP_[3]" -o TP_[3].exe Controller.o Menu.o Passenger.o Passenger_ABM.o Validaciones.o main.o parser.o -lLinkedList 
